[debug] [2025-05-04T07:28:16.541Z] ----------------------------------------------------------------------
[debug] [2025-05-04T07:28:16.543Z] Command:       C:\Program Files\nodejs\node.exe C:\Users\PC\AppData\Roaming\npm\node_modules\firebase-tools\lib\bin\firebase.js init
[debug] [2025-05-04T07:28:16.544Z] CLI Version:   14.2.2
[debug] [2025-05-04T07:28:16.544Z] Platform:      win32
[debug] [2025-05-04T07:28:16.544Z] Node Version:  v22.14.0
[debug] [2025-05-04T07:28:16.544Z] Time:          Sun May 04 2025 12:58:16 GMT+0530 (India Standard Time)
[debug] [2025-05-04T07:28:16.544Z] ----------------------------------------------------------------------
[debug] 
[debug] [2025-05-04T07:28:16.549Z] > command requires scopes: ["email","openid","https://www.googleapis.com/auth/cloudplatformprojects.readonly","https://www.googleapis.com/auth/firebase","https://www.googleapis.com/auth/cloud-platform"]
[debug] [2025-05-04T07:28:16.549Z] > authorizing via signed-in user (dagard406@gmail.com)
[info] 
     ######## #### ########  ######## ########     ###     ######  ########
     ##        ##  ##     ## ##       ##     ##  ##   ##  ##       ##
     ######    ##  ########  ######   ########  #########  ######  ######
     ##        ##  ##    ##  ##       ##     ## ##     ##       ## ##
     ##       #### ##     ## ######## ########  ##     ##  ######  ########

You're about to initialize a Firebase project in this directory:

  C:\Users\PC\GamerzBattle-Download-Site

[info] 
=== Project Setup
[info] 
[info] First, let's associate this project directory with a Firebase project.
[info] You can create multiple project aliases by running firebase use --add, 
[info] but for now we'll just set up a default project.
[info] 
[debug] [2025-05-04T07:29:53.101Z] Checked if tokens are valid: true, expires at: 1746347292761
[debug] [2025-05-04T07:29:53.101Z] Checked if tokens are valid: true, expires at: 1746347292761
[debug] [2025-05-04T07:29:53.102Z] >>> [apiv2][query] GET https://firebase.googleapis.com/v1beta1/projects pageSize=100
[debug] [2025-05-04T07:29:53.927Z] <<< [apiv2][status] GET https://firebase.googleapis.com/v1beta1/projects 200
[debug] [2025-05-04T07:29:53.927Z] <<< [apiv2][body] GET https://firebase.googleapis.com/v1beta1/projects [omitted]
[info] i  Using project gamerz-battle-d8e5e (Gamerz Battle) 
[info] 
=== Apphosting Setup
[debug] [2025-05-04T07:29:57.330Z] Checked if tokens are valid: true, expires at: 1746347292761
[debug] [2025-05-04T07:29:57.330Z] Checked if tokens are valid: true, expires at: 1746347292761
[debug] [2025-05-04T07:29:57.331Z] >>> [apiv2][query] GET https://cloudbilling.googleapis.com/v1/projects/gamerz-battle-d8e5e/billingInfo [none]
[debug] [2025-05-04T07:29:57.919Z] <<< [apiv2][status] GET https://cloudbilling.googleapis.com/v1/projects/gamerz-battle-d8e5e/billingInfo 200
[debug] [2025-05-04T07:29:57.920Z] <<< [apiv2][body] GET https://cloudbilling.googleapis.com/v1/projects/gamerz-battle-d8e5e/billingInfo {"name":"projects/gamerz-battle-d8e5e/billingInfo","projectId":"gamerz-battle-d8e5e","billingAccountName":"","billingEnabled":false}
[info] i  Writing default settings to apphosting.yaml... 
[info] +  Wrote apphosting.yaml 
[info] +  Create a new App Hosting backend with `firebase apphosting:backends:create` 
[info] 
=== Hosting Setup
[debug] [2025-05-04T07:29:57.925Z] Checked if tokens are valid: true, expires at: 1746347292761
[debug] [2025-05-04T07:29:57.925Z] Checked if tokens are valid: true, expires at: 1746347292761
[debug] [2025-05-04T07:29:57.925Z] >>> [apiv2][query] GET https://firebase.googleapis.com/v1beta1/projects/gamerz-battle-d8e5e [none]
[debug] [2025-05-04T07:29:58.398Z] <<< [apiv2][status] GET https://firebase.googleapis.com/v1beta1/projects/gamerz-battle-d8e5e 200
[debug] [2025-05-04T07:29:58.399Z] <<< [apiv2][body] GET https://firebase.googleapis.com/v1beta1/projects/gamerz-battle-d8e5e {"projectId":"gamerz-battle-d8e5e","projectNumber":"848613319265","displayName":"Gamerz Battle","name":"projects/gamerz-battle-d8e5e","resources":{"hostingSite":"gamerz-battle-d8e5e","realtimeDatabaseInstance":"gamerz-battle-d8e5e-default-rtdb"},"state":"ACTIVE","etag":"1_45dbd9c6-d8e3-400c-b663-85eb6fc62c8e"}
[info] 
[info] Your public directory is the folder (relative to your project directory) that
[info] will contain Hosting assets to be uploaded with firebase deploy. If you
[info] have a build process for your assets, use your build's output directory.
[info] 
[debug] [2025-05-04T07:31:25.042Z] >>> [apiv2][query] GET https://www.gstatic.com/firebasejs/releases.json [none]
[debug] [2025-05-04T07:31:25.289Z] <<< [apiv2][status] GET https://www.gstatic.com/firebasejs/releases.json 200
[debug] [2025-05-04T07:31:25.289Z] <<< [apiv2][body] GET https://www.gstatic.com/firebasejs/releases.json {"current":{"version":"11.6.1","browserURL":"https://www.gstatic.com/firebasejs/11.6.1/firebase.js","packageURL":"https://www.gstatic.com/firebasejs/11.6.1/firebase.tgz"},"live":{"version":"11.6","browserURL":"https://www.gstatic.com/firebasejs/live/11.6/firebase.js","packageURL":"https://www.gstatic.com/firebasejs/live/11.6/firebase.tgz"},"components":{"analytics":"https://www.gstatic.com/firebasejs/11.6.1/firebase-analytics.js","app":"https://www.gstatic.com/firebasejs/11.6.1/firebase-app.js","app-check":"https://www.gstatic.com/firebasejs/11.6.1/firebase-app-check.js","auth":"https://www.gstatic.com/firebasejs/11.6.1/firebase-auth.js","auth/cordova":"https://www.gstatic.com/firebasejs/11.6.1/firebase-auth/cordova.js","auth/web-extension":"https://www.gstatic.com/firebasejs/11.6.1/firebase-auth/web-extension.js","functions":"https://www.gstatic.com/firebasejs/11.6.1/firebase-functions.js","firestore":"https://www.gstatic.com/firebasejs/11.6.1/firebase-firestore.js","firestore/lite":"https://www.gstatic.com/firebasejs/11.6.1/firebase-firestore/lite.js","installations":"https://www.gstatic.com/firebasejs/11.6.1/firebase-installations.js","storage":"https://www.gstatic.com/firebasejs/11.6.1/firebase-storage.js","performance":"https://www.gstatic.com/firebasejs/11.6.1/firebase-performance.js","remote-config":"https://www.gstatic.com/firebasejs/11.6.1/firebase-remote-config.js","messaging":"https://www.gstatic.com/firebasejs/11.6.1/firebase-messaging.js","messaging/sw":"https://www.gstatic.com/firebasejs/11.6.1/firebase-messaging/sw.js","database":"https://www.gstatic.com/firebasejs/11.6.1/firebase-database.js","vertexai":"https://www.gstatic.com/firebasejs/11.6.1/firebase-vertexai.js","data-connect":"https://www.gstatic.com/firebasejs/11.6.1/firebase-data-connect.js","firestore.memory":"https://www.gstatic.com/firebasejs/11.6.1/firebase-firestore.memory.js"}}
[info] +  Wrote ./GamerzBattle-Download-Site/index.html 
[info] 
[info] i  Didn't detect a .git folder. Assuming C:\Users\PC\GamerzBattle-Download-Site is the project root. 
[info] i  Authorizing with GitHub to upload your service account to a GitHub repository's secrets store. 
[info] 
[info] Visit this URL on this device to log in:
[info] https://github.com/login/oauth/authorize?client_id=89cf50f02ac6aaed3484&state=765737086&redirect_uri=http%3A%2F%2Flocalhost%3A9005&scope=read%3Auser%20repo%20public_repo
[info] 
[info] Waiting for authentication...
[debug] [2025-05-04T07:37:08.052Z] >>> [apiv2][query] POST https://github.com/login/oauth/access_token [none]
[debug] [2025-05-04T07:37:08.052Z] >>> [apiv2][body] POST https://github.com/login/oauth/access_token [stream]
[debug] [2025-05-04T07:37:08.592Z] <<< [apiv2][status] POST https://github.com/login/oauth/access_token 200
[debug] [2025-05-04T07:37:08.593Z] <<< [apiv2][body] POST https://github.com/login/oauth/access_token {"access_token":"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","token_type":"bearer","scope":"read:user,repo"}
[debug] [2025-05-04T07:37:08.597Z] >>> [apiv2][query] GET https://api.github.com/user [none]
[debug] [2025-05-04T07:37:09.195Z] <<< [apiv2][status] GET https://api.github.com/user 200
[debug] [2025-05-04T07:37:09.195Z] <<< [apiv2][body] GET https://api.github.com/user {"login":"DakshDagar1","id":210222887,"node_id":"U_kgDODIe_Jw","avatar_url":"https://avatars.githubusercontent.com/u/210222887?v=4","gravatar_id":"","url":"https://api.github.com/users/DakshDagar1","html_url":"https://github.com/DakshDagar1","followers_url":"https://api.github.com/users/DakshDagar1/followers","following_url":"https://api.github.com/users/DakshDagar1/following{/other_user}","gists_url":"https://api.github.com/users/DakshDagar1/gists{/gist_id}","starred_url":"https://api.github.com/users/DakshDagar1/starred{/owner}{/repo}","subscriptions_url":"https://api.github.com/users/DakshDagar1/subscriptions","organizations_url":"https://api.github.com/users/DakshDagar1/orgs","repos_url":"https://api.github.com/users/DakshDagar1/repos","events_url":"https://api.github.com/users/DakshDagar1/events{/privacy}","received_events_url":"https://api.github.com/users/DakshDagar1/received_events","type":"User","user_view_type":"private","site_admin":false,"name":null,"company":null,"blog":"","location":null,"email":null,"hireable":null,"bio":null,"twitter_username":null,"notification_email":null,"public_repos":0,"public_gists":0,"followers":0,"following":0,"created_at":"2025-05-04T07:36:45Z","updated_at":"2025-05-04T07:37:02Z","private_gists":0,"total_private_repos":0,"owned_private_repos":0,"disk_usage":0,"collaborators":0,"two_factor_authentication":false,"plan":{"name":"free","space":976562499,"collaborators":0,"private_repos":10000}}
[info] 
[info] +  Success! Logged into GitHub as DakshDagar1 
[info] 
